<?xml version="1.0" encoding="UTF-8"?>
<!-- Generated by org.testng.reporters.JUnitXMLReporter -->
<testsuite ignored="0" hostname="janaki" failures="0" tests="3" name="Test3" time="56.358" errors="0" timestamp="2025-03-27T14:21:01 IST">
  <testcase classname="testPackage.ContactTest" name="createContact" time="22.351"/>
  <testcase classname="testPackage.ContactTest" name="createContact" time="0.0">
    <skipped/>
  </testcase> <!-- createContact -->
  <testcase classname="testPackage.ContactTest" name="createContact" time="0.0">
    <skipped/>
  </testcase> <!-- createContact -->
</testsuite> <!-- Test3 -->
