<?xml version="1.0" encoding="UTF-8"?>
<!-- Generated by org.testng.reporters.JUnitXMLReporter -->
<testsuite ignored="5" hostname="janaki" failures="0" tests="2" name="MyTest" time="29.417" errors="0" timestamp="2025-03-27T12:47:43 IST">
  <testcase classname="testPackage.AttributesTest" name="moveToLeadspage" time="9.138"/>
  <testcase classname="testPackage.AttributesTest" name="moveToOrganizationPage" time="9.17"/>
  <testcase classname="testPackage.AttributesTest" name="moveToCalenderPage" time="0.0">
    <ignored/>
  </testcase> <!-- moveToCalenderPage -->
  <testcase classname="testPackage.AttributesTest" name="moveToCalenderPage2" time="0.0">
    <ignored/>
  </testcase> <!-- moveToCalenderPage2 -->
  <testcase classname="testPackage.Scenario1" name="moveToOrganizationPage" time="0.0">
    <ignored/>
  </testcase> <!-- moveToOrganizationPage -->
  <testcase classname="testPackage.AttributesTest" name="moveToContactsPage" time="0.0">
    <ignored/>
  </testcase> <!-- moveToContactsPage -->
  <testcase classname="testPackage.Scenario1" name="moveToLeadpage" time="0.0">
    <ignored/>
  </testcase> <!-- moveToLeadpage -->
</testsuite> <!-- MyTest -->
