<?xml version="1.0" encoding="UTF-8"?>
<!-- Generated by org.testng.reporters.JUnitXMLReporter -->
<testsuite ignored="0" hostname="janaki" failures="0" tests="8" name="First Test" time="168.865" errors="0" timestamp="2025-04-07T12:53:48 IST">
  <testcase classname="testPackage.ContactTest" name="createContact" time="14.459"/>
  <testcase classname="testPackage.ContactTest" name="createContact" time="14.85"/>
  <testcase classname="testPackage.ContactTest" name="createContact" time="15.151"/>
  <testcase classname="testPackage.AttributesTest" name="moveToCalenderPage" time="6.166"/>
  <testcase classname="testPackage.AttributesTest" name="moveToCalenderPage2" time="6.384"/>
  <testcase classname="testPackage.AttributesTest" name="moveToContactsPage" time="7.038"/>
  <testcase classname="testPackage.AttributesTest" name="moveToLeadspage" time="5.324"/>
  <testcase classname="testPackage.AttributesTest" name="moveToOrganizationPage" time="5.525"/>
</testsuite> <!-- First Test -->
