<?xml version="1.0" encoding="UTF-8"?>
<!-- Generated by org.testng.reporters.JUnitXMLReporter -->
<testsuite ignored="0" hostname="janaki" failures="0" tests="7" name="First Test" time="188.059" errors="0" timestamp="2025-03-26T11:46:07 IST">
  <testcase classname="testPackage.ContactTest" name="createContact" time="19.668"/>
  <testcase classname="testPackage.ContactTest" name="createContact" time="18.337"/>
  <testcase classname="testPackage.ContactTest" name="createContact" time="18.638"/>
  <testcase classname="testPackage.AttributesTest" name="moveToCalenderPage" time="7.02"/>
  <testcase classname="testPackage.AttributesTest" name="moveToContactsPage" time="7.241"/>
  <testcase classname="testPackage.AttributesTest" name="moveToLeadspage" time="5.653"/>
  <testcase classname="testPackage.AttributesTest" name="moveToOrganizationPage" time="5.825"/>
</testsuite> <!-- First Test -->
