<?xml version="1.0" encoding="UTF-8"?>
<!-- Generated by org.testng.reporters.JUnitXMLReporter -->
<testsuite ignored="3" hostname="janaki" failures="0" tests="2" name="ContactTest" time="30.716" errors="0" timestamp="2025-03-26T12:10:05 IST">
  <testcase classname="testPackage.AttributesTest" name="moveToCalenderPage" time="6.69"/>
  <testcase classname="testPackage.AttributesTest" name="moveToContactsPage" time="7.268"/>
  <testcase classname="testPackage.AttributesTest" name="moveToCalenderPage2" time="0.0">
    <ignored/>
  </testcase> <!-- moveToCalenderPage2 -->
  <testcase classname="testPackage.AttributesTest" name="moveToLeadspage" time="0.0">
    <ignored/>
  </testcase> <!-- moveToLeadspage -->
  <testcase classname="testPackage.AttributesTest" name="moveToOrganizationPage" time="0.0">
    <ignored/>
  </testcase> <!-- moveToOrganizationPage -->
</testsuite> <!-- ContactTest -->
