<?xml version="1.0" encoding="UTF-8"?>
<!-- Generated by org.testng.reporters.JUnitXMLReporter -->
<testsuite ignored="0" hostname="janaki" failures="0" tests="5" name="Test1" time="133.968" errors="0" timestamp="2025-03-26T12:48:43 IST">
  <testcase classname="testPackage.Scenario1" name="moveToLeadpage" time="12.543"/>
  <testcase classname="testPackage.Scenario1" name="moveToOrganizationPage" time="11.338"/>
  <testcase classname="testPackage.ContactTest" name="createContact" time="17.693"/>
  <testcase classname="testPackage.ContactTest" name="createContact" time="16.667"/>
  <testcase classname="testPackage.ContactTest" name="createContact" time="15.15"/>
</testsuite> <!-- Test1 -->
