<?xml version="1.0" encoding="UTF-8"?>
<testsuite xmlns:xsi="http://www.w3.org/2001/XMLSchema-instance" xsi:noNamespaceSchemaLocation="https://maven.apache.org/surefire/maven-surefire-plugin/xsd/surefire-test-report.xsd" version="3.0.2" name="TestSuite" time="170.42" tests="8" errors="0" skipped="0" failures="0">
  <properties>
[...]
</properties>
  <testcase name="createContact[Mrs., Arabhi, Su, Trade Show, Fabric, Education, arabhi@gmail.com, 9863598254](1)" classname="testPackage.ContactTest" time="14.453">
    <system-out><![CDATA[---Execution Started---
createContact Execution Started
]]></system-out>
    <system-err><![CDATA[SLF4J(W): No SLF4J providers were found.
SLF4J(W): Defaulting to no-operation (NOP) logger implementation
SLF4J(W): See https://www.slf4j.org/codes.html#noProviders for further details.
Apr 07, 2025 12:51:03 PM org.openqa.selenium.devtools.CdpVersionFinder findNearestMatch
WARNING: Unable to find an exact match for CDP version 135, returning the closest version; found: 131; Please update to a Selenium version that supports CDP version 135
]]></system-err>
  </testcase>
  <testcase name="createContact[Mr., Arathi, SU, Employee, Entrepreneur, Health, arathi@gmail.com, 9876576532](2)" classname="testPackage.ContactTest" time="14.849">
    <system-out><![CDATA[createContact Execution success
createContact Execution Started
]]></system-out>
    <system-err><![CDATA[Apr 07, 2025 12:51:29 PM org.openqa.selenium.devtools.CdpVersionFinder findNearestMatch
WARNING: Unable to find an exact match for CDP version 135, returning the closest version; found: 131; Please update to a Selenium version that supports CDP version 135
]]></system-err>
  </testcase>
  <testcase name="createContact[Dr., Sruthi, Sun, Partner, General, Transport, sruthi@gmail.com, 8976493201](3)" classname="testPackage.ContactTest" time="15.151">
    <system-out><![CDATA[createContact Execution success
createContact Execution Started
]]></system-out>
    <system-err><![CDATA[Apr 07, 2025 12:51:55 PM org.openqa.selenium.devtools.CdpVersionFinder findNearestMatch
WARNING: Unable to find an exact match for CDP version 135, returning the closest version; found: 131; Please update to a Selenium version that supports CDP version 135
]]></system-err>
  </testcase>
  <testcase name="moveToCalenderPage" classname="testPackage.AttributesTest" time="6.164">
    <system-out><![CDATA[createContact Execution success
moveToCalenderPage Execution Started
integration2]]></system-out>
    <system-err><![CDATA[Apr 07, 2025 12:52:22 PM org.openqa.selenium.devtools.CdpVersionFinder findNearestMatch
WARNING: Unable to find an exact match for CDP version 135, returning the closest version; found: 131; Please update to a Selenium version that supports CDP version 135
]]></system-err>
  </testcase>
  <testcase name="moveToCalenderPage2" classname="testPackage.AttributesTest" time="6.382">
    <system-out><![CDATA[moveToCalenderPage Execution success
moveToCalenderPage2 Execution Started
sample]]></system-out>
    <system-err><![CDATA[Apr 07, 2025 12:52:40 PM org.openqa.selenium.devtools.CdpVersionFinder findNearestMatch
WARNING: Unable to find an exact match for CDP version 135, returning the closest version; found: 131; Please update to a Selenium version that supports CDP version 135
]]></system-err>
  </testcase>
  <testcase name="moveToContactsPage" classname="testPackage.AttributesTest" time="7.037">
    <system-out><![CDATA[moveToCalenderPage2 Execution success
moveToContactsPage Execution Started
integration1
]]></system-out>
    <system-err><![CDATA[Apr 07, 2025 12:52:57 PM org.openqa.selenium.devtools.CdpVersionFinder findNearestMatch
WARNING: Unable to find an exact match for CDP version 135, returning the closest version; found: 131; Please update to a Selenium version that supports CDP version 135
]]></system-err>
  </testcase>
  <testcase name="moveToLeadspage" classname="testPackage.AttributesTest" time="5.324">
    <system-out><![CDATA[moveToContactsPage Execution success
moveToLeadspage Execution Started
Smoke2
]]></system-out>
    <system-err><![CDATA[Apr 07, 2025 12:53:16 PM org.openqa.selenium.devtools.CdpVersionFinder findNearestMatch
WARNING: Unable to find an exact match for CDP version 135, returning the closest version; found: 131; Please update to a Selenium version that supports CDP version 135
]]></system-err>
  </testcase>
  <testcase name="moveToOrganizationPage" classname="testPackage.AttributesTest" time="5.523">
    <system-out><![CDATA[moveToLeadspage Execution success
moveToOrganizationPage Execution Started
Smoke1
]]></system-out>
    <system-err><![CDATA[Apr 07, 2025 12:53:33 PM org.openqa.selenium.devtools.CdpVersionFinder findNearestMatch
WARNING: Unable to find an exact match for CDP version 135, returning the closest version; found: 131; Please update to a Selenium version that supports CDP version 135
]]></system-err>
  </testcase>
</testsuite>