<?xml version="1.0" encoding="UTF-8"?>
<!-- Generated by org.testng.reporters.JUnitXMLReporter -->
<testsuite ignored="3" hostname="janaki" failures="0" tests="2" name="ContactTest" time="30.102" errors="0" timestamp="2025-04-07T12:47:35 IST">
  <testcase classname="testPackage.AttributesTest" name="moveToCalenderPage" time="5.807"/>
  <testcase classname="testPackage.AttributesTest" name="moveToContactsPage" time="6.848"/>
  <testcase classname="testPackage.AttributesTest" name="moveToCalenderPage2" time="0.0">
    <ignored/>
  </testcase> <!-- moveToCalenderPage2 -->
  <testcase classname="testPackage.AttributesTest" name="moveToOrganizationPage" time="0.0">
    <ignored/>
  </testcase> <!-- moveToOrganizationPage -->
  <testcase classname="testPackage.AttributesTest" name="moveToLeadspage" time="0.0">
    <ignored/>
  </testcase> <!-- moveToLeadspage -->
</testsuite> <!-- ContactTest -->
