<?xml version="1.0" encoding="UTF-8"?>
<!-- Generated by org.testng.reporters.JUnitXMLReporter -->
<testsuite ignored="0" hostname="janaki" failures="1" tests="1" name="VTigerTest" time="0.766" errors="0" timestamp="2025-03-17T11:25:43 IST">
  <testcase classname="testPackage.ContactTest" name="createContact" time="0.701">
    <failure type="org.testng.internal.reflect.MethodMatcherException" message="
[public void testPackage.ContactTest.createContact(java.lang.String,java.lang.String,java.lang.String,java.lang.String,java.lang.String,java.lang.String,java.lang.String,java.lang.String)] has no parameters defined but was found to be using a data provider (either explicitly specified or inherited from class level annotation).
Data provider mismatch
Method: createContact([java.lang.String arg0, java.lang.String arg1, java.lang.String arg2, java.lang.String arg3, java.lang.String arg4, java.lang.String arg5, java.lang.String arg6, java.lang.String arg7])
Arguments: [(java.lang.String) Mrs.,(java.lang.String) Hari,(java.lang.String) Krishnan,(java.lang.String) Manager,(java.lang.String) Engineering,(java.lang.String) hari@gmail.com,(java.lang.String) 7833542019]">
      <![CDATA[org.testng.internal.reflect.MethodMatcherException: 
[public void testPackage.ContactTest.createContact(java.lang.String,java.lang.String,java.lang.String,java.lang.String,java.lang.String,java.lang.String,java.lang.String,java.lang.String)] has no parameters defined but was found to be using a data provider (either explicitly specified or inherited from class level annotation).
Data provider mismatch
Method: createContact([java.lang.String arg0, java.lang.String arg1, java.lang.String arg2, java.lang.String arg3, java.lang.String arg4, java.lang.String arg5, java.lang.String arg6, java.lang.String arg7])
Arguments: [(java.lang.String) Mrs.,(java.lang.String) Hari,(java.lang.String) Krishnan,(java.lang.String) Manager,(java.lang.String) Engineering,(java.lang.String) hari@gmail.com,(java.lang.String) 7833542019]
at java.base/java.util.ArrayList.forEach(ArrayList.java:1597)
... Removed 22 stack frames]]>
    </failure>
  </testcase> <!-- createContact -->
</testsuite> <!-- VTigerTest -->
