<?xml version="1.0" encoding="UTF-8"?>
<!-- Generated by org.testng.reporters.JUnitXMLReporter -->
<testsuite ignored="3" hostname="janaki" failures="0" tests="2" name="GroupTest" time="26.255" errors="0" timestamp="2025-03-26T11:59:33 IST">
  <testcase classname="testPackage.AttributesTest" name="moveToLeadspage" time="7.939"/>
  <testcase classname="testPackage.AttributesTest" name="moveToOrganizationPage" time="9.041"/>
  <testcase classname="testPackage.AttributesTest" name="moveToCalenderPage2" time="0.0">
    <ignored/>
  </testcase> <!-- moveToCalenderPage2 -->
  <testcase classname="testPackage.AttributesTest" name="moveToCalenderPage" time="0.0">
    <ignored/>
  </testcase> <!-- moveToCalenderPage -->
  <testcase classname="testPackage.AttributesTest" name="moveToContactsPage" time="0.0">
    <ignored/>
  </testcase> <!-- moveToContactsPage -->
</testsuite> <!-- GroupTest -->
